2024-12-04T06:58:26.829Z [error]: genres is not defined genres is not defined
Stack Trace: ReferenceError: genres is not defined
    at file:///D:/Mosh-prectical/backend/vidly/app/routes/genres.js:15:12
    at newFn (D:\Mosh-prectical\backend\vidly\node_modules\express-async-errors\index.js:16:20)
    at Layer.handle [as handle_request] (D:\Mosh-prectical\backend\vidly\node_modules\express\lib\router\layer.js:95:5)
    at next (D:\Mosh-prectical\backend\vidly\node_modules\express\lib\router\route.js:149:13)
    at Route.dispatch (D:\Mosh-prectical\backend\vidly\node_modules\express\lib\router\route.js:119:3)
    at newFn (D:\Mosh-prectical\backend\vidly\node_modules\express-async-errors\index.js:16:20)
    at Layer.handle [as handle_request] (D:\Mosh-prectical\backend\vidly\node_modules\express\lib\router\layer.js:95:5)
    at D:\Mosh-prectical\backend\vidly\node_modules\express\lib\router\index.js:284:15
    at Function.process_params (D:\Mosh-prectical\backend\vidly\node_modules\express\lib\router\index.js:346:12)
    at next (D:\Mosh-prectical\backend\vidly\node_modules\express\lib\router\index.js:280:10)
2024-12-04T06:59:38.258Z [error]: genres is not defined genres is not defined
Stack Trace: ReferenceError: genres is not defined
    at file:///D:/Mosh-prectical/backend/vidly/app/routes/genres.js:15:12
    at newFn (D:\Mosh-prectical\backend\vidly\node_modules\express-async-errors\index.js:16:20)
    at Layer.handle [as handle_request] (D:\Mosh-prectical\backend\vidly\node_modules\express\lib\router\layer.js:95:5)
    at next (D:\Mosh-prectical\backend\vidly\node_modules\express\lib\router\route.js:149:13)
    at Route.dispatch (D:\Mosh-prectical\backend\vidly\node_modules\express\lib\router\route.js:119:3)
    at newFn (D:\Mosh-prectical\backend\vidly\node_modules\express-async-errors\index.js:16:20)
    at Layer.handle [as handle_request] (D:\Mosh-prectical\backend\vidly\node_modules\express\lib\router\layer.js:95:5)
    at D:\Mosh-prectical\backend\vidly\node_modules\express\lib\router\index.js:284:15
    at Function.process_params (D:\Mosh-prectical\backend\vidly\node_modules\express\lib\router\index.js:346:12)
    at next (D:\Mosh-prectical\backend\vidly\node_modules\express\lib\router\index.js:280:10)
2024-12-04T07:09:01.581Z [error]: UNHANDLED EXCEPTION:
Message: genres is not defined
Stack:
ReferenceError: genres is not defined
    at file:///D:/Mosh-prectical/backend/vidly/app/routes/genres.js:15:12
    at newFn (D:\Mosh-prectical\backend\vidly\node_modules\express-async-errors\index.js:16:20)
    at Layer.handle [as handle_request] (D:\Mosh-prectical\backend\vidly\node_modules\express\lib\router\layer.js:95:5)
    at next (D:\Mosh-prectical\backend\vidly\node_modules\express\lib\router\route.js:149:13)
    at Route.dispatch (D:\Mosh-prectical\backend\vidly\node_modules\express\lib\router\route.js:119:3)
    at newFn (D:\Mosh-prectical\backend\vidly\node_modules\express-async-errors\index.js:16:20)
    at Layer.handle [as handle_request] (D:\Mosh-prectical\backend\vidly\node_modules\express\lib\router\layer.js:95:5)
    at D:\Mosh-prectical\backend\vidly\node_modules\express\lib\router\index.js:284:15
    at Function.process_params (D:\Mosh-prectical\backend\vidly\node_modules\express\lib\router\index.js:346:12)
    at next (D:\Mosh-prectical\backend\vidly\node_modules\express\lib\router\index.js:280:10)
2024-12-04T07:10:06.327Z [error]: S{err.message}:
Message: genres is not defined
Stack:
ReferenceError: genres is not defined
    at file:///D:/Mosh-prectical/backend/vidly/app/routes/genres.js:15:12
    at newFn (D:\Mosh-prectical\backend\vidly\node_modules\express-async-errors\index.js:16:20)
    at Layer.handle [as handle_request] (D:\Mosh-prectical\backend\vidly\node_modules\express\lib\router\layer.js:95:5)
    at next (D:\Mosh-prectical\backend\vidly\node_modules\express\lib\router\route.js:149:13)
    at Route.dispatch (D:\Mosh-prectical\backend\vidly\node_modules\express\lib\router\route.js:119:3)
    at newFn (D:\Mosh-prectical\backend\vidly\node_modules\express-async-errors\index.js:16:20)
    at Layer.handle [as handle_request] (D:\Mosh-prectical\backend\vidly\node_modules\express\lib\router\layer.js:95:5)
    at D:\Mosh-prectical\backend\vidly\node_modules\express\lib\router\index.js:284:15
    at Function.process_params (D:\Mosh-prectical\backend\vidly\node_modules\express\lib\router\index.js:346:12)
    at next (D:\Mosh-prectical\backend\vidly\node_modules\express\lib\router\index.js:280:10)
2024-12-04T07:14:54.674Z [error]: genres is not defined:
Message: genres is not defined
Stack:
ReferenceError: genres is not defined
    at file:///D:/Mosh-prectical/backend/vidly/app/routes/genres.js:15:12
    at newFn (D:\Mosh-prectical\backend\vidly\node_modules\express-async-errors\index.js:16:20)
    at Layer.handle [as handle_request] (D:\Mosh-prectical\backend\vidly\node_modules\express\lib\router\layer.js:95:5)
    at next (D:\Mosh-prectical\backend\vidly\node_modules\express\lib\router\route.js:149:13)
    at Route.dispatch (D:\Mosh-prectical\backend\vidly\node_modules\express\lib\router\route.js:119:3)
    at newFn (D:\Mosh-prectical\backend\vidly\node_modules\express-async-errors\index.js:16:20)
    at Layer.handle [as handle_request] (D:\Mosh-prectical\backend\vidly\node_modules\express\lib\router\layer.js:95:5)
    at D:\Mosh-prectical\backend\vidly\node_modules\express\lib\router\index.js:284:15
    at Function.process_params (D:\Mosh-prectical\backend\vidly\node_modules\express\lib\router\index.js:346:12)
    at next (D:\Mosh-prectical\backend\vidly\node_modules\express\lib\router\index.js:280:10)
2024-12-04T07:16:49.782Z [[31merror[39m]: genres is not defined:
Message: genres is not defined
Stack:
ReferenceError: genres is not defined
    at file:///D:/Mosh-prectical/backend/vidly/app/routes/genres.js:15:12
    at newFn (D:\Mosh-prectical\backend\vidly\node_modules\express-async-errors\index.js:16:20)
    at Layer.handle [as handle_request] (D:\Mosh-prectical\backend\vidly\node_modules\express\lib\router\layer.js:95:5)
    at next (D:\Mosh-prectical\backend\vidly\node_modules\express\lib\router\route.js:149:13)
    at Route.dispatch (D:\Mosh-prectical\backend\vidly\node_modules\express\lib\router\route.js:119:3)
    at newFn (D:\Mosh-prectical\backend\vidly\node_modules\express-async-errors\index.js:16:20)
    at Layer.handle [as handle_request] (D:\Mosh-prectical\backend\vidly\node_modules\express\lib\router\layer.js:95:5)
    at D:\Mosh-prectical\backend\vidly\node_modules\express\lib\router\index.js:284:15
    at Function.process_params (D:\Mosh-prectical\backend\vidly\node_modules\express\lib\router\index.js:346:12)
    at next (D:\Mosh-prectical\backend\vidly\node_modules\express\lib\router\index.js:280:10)
2024-12-04T07:17:02.380Z [[31merror[39m]: genres is not defined:
Message: genres is not defined
Stack:
ReferenceError: genres is not defined
    at file:///D:/Mosh-prectical/backend/vidly/app/routes/genres.js:15:12
    at newFn (D:\Mosh-prectical\backend\vidly\node_modules\express-async-errors\index.js:16:20)
    at Layer.handle [as handle_request] (D:\Mosh-prectical\backend\vidly\node_modules\express\lib\router\layer.js:95:5)
    at next (D:\Mosh-prectical\backend\vidly\node_modules\express\lib\router\route.js:149:13)
    at Route.dispatch (D:\Mosh-prectical\backend\vidly\node_modules\express\lib\router\route.js:119:3)
    at newFn (D:\Mosh-prectical\backend\vidly\node_modules\express-async-errors\index.js:16:20)
    at Layer.handle [as handle_request] (D:\Mosh-prectical\backend\vidly\node_modules\express\lib\router\layer.js:95:5)
    at D:\Mosh-prectical\backend\vidly\node_modules\express\lib\router\index.js:284:15
    at Function.process_params (D:\Mosh-prectical\backend\vidly\node_modules\express\lib\router\index.js:346:12)
    at next (D:\Mosh-prectical\backend\vidly\node_modules\express\lib\router\index.js:280:10)
{"level":"error","message":"genres is not defined:\nMessage: genres is not defined\nStack:\nReferenceError: genres is not defined\n    at file:///D:/Mosh-prectical/backend/vidly/app/routes/genres.js:15:12\n    at newFn (D:\\Mosh-prectical\\backend\\vidly\\node_modules\\express-async-errors\\index.js:16:20)\n    at Layer.handle [as handle_request] (D:\\Mosh-prectical\\backend\\vidly\\node_modules\\express\\lib\\router\\layer.js:95:5)\n    at next (D:\\Mosh-prectical\\backend\\vidly\\node_modules\\express\\lib\\router\\route.js:149:13)\n    at Route.dispatch (D:\\Mosh-prectical\\backend\\vidly\\node_modules\\express\\lib\\router\\route.js:119:3)\n    at newFn (D:\\Mosh-prectical\\backend\\vidly\\node_modules\\express-async-errors\\index.js:16:20)\n    at Layer.handle [as handle_request] (D:\\Mosh-prectical\\backend\\vidly\\node_modules\\express\\lib\\router\\layer.js:95:5)\n    at D:\\Mosh-prectical\\backend\\vidly\\node_modules\\express\\lib\\router\\index.js:284:15\n    at Function.process_params (D:\\Mosh-prectical\\backend\\vidly\\node_modules\\express\\lib\\router\\index.js:346:12)\n    at next (D:\\Mosh-prectical\\backend\\vidly\\node_modules\\express\\lib\\router\\index.js:280:10)","timestamp":"2024-12-04T07:18:43.512Z"}
2024-12-04T07:21:16.320Z [error]: unhandledRejection: failed to connet
Error: failed to connet
    at file:///D:/Mosh-prectical/backend/vidly/index.js:10:16
    at ModuleJob.run (node:internal/modules/esm/module_job:234:25)
    at async ModuleLoader.import (node:internal/modules/esm/loader:473:24)
    at async asyncRunEntryPointWithESMLoader (node:internal/modules/run_main:123:5)
Stack Trace: Error: failed to connet
    at file:///D:/Mosh-prectical/backend/vidly/index.js:10:16
    at ModuleJob.run (node:internal/modules/esm/module_job:234:25)
    at async ModuleLoader.import (node:internal/modules/esm/loader:473:24)
    at async asyncRunEntryPointWithESMLoader (node:internal/modules/run_main:123:5)
2024-12-04T07:23:27.157Z [error]: unhandledRejection: failed to connet
Error: failed to connet
    at file:///D:/Mosh-prectical/backend/vidly/index.js:10:16
    at ModuleJob.run (node:internal/modules/esm/module_job:234:25)
    at async ModuleLoader.import (node:internal/modules/esm/loader:473:24)
    at async asyncRunEntryPointWithESMLoader (node:internal/modules/run_main:123:5)
Stack Trace: Error: failed to connet
    at file:///D:/Mosh-prectical/backend/vidly/index.js:10:16
    at ModuleJob.run (node:internal/modules/esm/module_job:234:25)
    at async ModuleLoader.import (node:internal/modules/esm/loader:473:24)
    at async asyncRunEntryPointWithESMLoader (node:internal/modules/run_main:123:5)
2024-12-04T07:27:19.122Z [error]: genres is not defined:
Message: genres is not defined
Stack:
ReferenceError: genres is not defined
    at file:///D:/Mosh-prectical/backend/vidly/app/routes/genres.js:15:12
    at newFn (D:\Mosh-prectical\backend\vidly\node_modules\express-async-errors\index.js:16:20)
    at Layer.handle [as handle_request] (D:\Mosh-prectical\backend\vidly\node_modules\express\lib\router\layer.js:95:5)
    at next (D:\Mosh-prectical\backend\vidly\node_modules\express\lib\router\route.js:149:13)
    at Route.dispatch (D:\Mosh-prectical\backend\vidly\node_modules\express\lib\router\route.js:119:3)
    at newFn (D:\Mosh-prectical\backend\vidly\node_modules\express-async-errors\index.js:16:20)
    at Layer.handle [as handle_request] (D:\Mosh-prectical\backend\vidly\node_modules\express\lib\router\layer.js:95:5)
    at D:\Mosh-prectical\backend\vidly\node_modules\express\lib\router\index.js:284:15
    at Function.process_params (D:\Mosh-prectical\backend\vidly\node_modules\express\lib\router\index.js:346:12)
    at next (D:\Mosh-prectical\backend\vidly\node_modules\express\lib\router\index.js:280:10)
