2024-12-04T06:49:46.132Z [error]: uncaughtException: something failed
Error: something failed
    at file:///D:/Mosh-prectical/backend/vidly/index.js:9:7
    at ModuleJob.run (node:internal/modules/esm/module_job:234:25)
    at async ModuleLoader.import (node:internal/modules/esm/loader:473:24)
    at async asyncRunEntryPointWithESMLoader (node:internal/modules/run_main:123:5)
Stack Trace: Error: something failed
    at file:///D:/Mosh-prectical/backend/vidly/index.js:9:7
    at ModuleJob.run (node:internal/modules/esm/module_job:234:25)
    at async ModuleLoader.import (node:internal/modules/esm/loader:473:24)
    at async asyncRunEntryPointWithESMLoader (node:internal/modules/run_main:123:5)
2024-12-04T06:51:57.981Z [error]: uncaughtException: something failed
Error: something failed
    at file:///D:/Mosh-prectical/backend/vidly/index.js:9:7
    at ModuleJob.run (node:internal/modules/esm/module_job:234:25)
    at async ModuleLoader.import (node:internal/modules/esm/loader:473:24)
    at async asyncRunEntryPointWithESMLoader (node:internal/modules/run_main:123:5)
Stack Trace: Error: something failed
    at file:///D:/Mosh-prectical/backend/vidly/index.js:9:7
    at ModuleJob.run (node:internal/modules/esm/module_job:234:25)
    at async ModuleLoader.import (node:internal/modules/esm/loader:473:24)
    at async asyncRunEntryPointWithESMLoader (node:internal/modules/run_main:123:5)
2024-12-04T06:52:11.277Z [error]: uncaughtException: something failed
Error: something failed
    at file:///D:/Mosh-prectical/backend/vidly/index.js:9:7
    at ModuleJob.run (node:internal/modules/esm/module_job:234:25)
    at async ModuleLoader.import (node:internal/modules/esm/loader:473:24)
    at async asyncRunEntryPointWithESMLoader (node:internal/modules/run_main:123:5)
Stack Trace: Error: something failed
    at file:///D:/Mosh-prectical/backend/vidly/index.js:9:7
    at ModuleJob.run (node:internal/modules/esm/module_job:234:25)
    at async ModuleLoader.import (node:internal/modules/esm/loader:473:24)
    at async asyncRunEntryPointWithESMLoader (node:internal/modules/run_main:123:5)
2024-12-04T06:52:52.044Z [error]: uncaughtException: something failed
Error: something failed
    at file:///D:/Mosh-prectical/backend/vidly/index.js:9:7
    at ModuleJob.run (node:internal/modules/esm/module_job:234:25)
    at async ModuleLoader.import (node:internal/modules/esm/loader:473:24)
    at async asyncRunEntryPointWithESMLoader (node:internal/modules/run_main:123:5)
Stack Trace: Error: something failed
    at file:///D:/Mosh-prectical/backend/vidly/index.js:9:7
    at ModuleJob.run (node:internal/modules/esm/module_job:234:25)
    at async ModuleLoader.import (node:internal/modules/esm/loader:473:24)
    at async asyncRunEntryPointWithESMLoader (node:internal/modules/run_main:123:5)
2024-12-04T06:53:06.981Z [error]: uncaughtException: something failed
Error: something failed
    at file:///D:/Mosh-prectical/backend/vidly/index.js:9:7
    at ModuleJob.run (node:internal/modules/esm/module_job:234:25)
    at async ModuleLoader.import (node:internal/modules/esm/loader:473:24)
    at async asyncRunEntryPointWithESMLoader (node:internal/modules/run_main:123:5)
Stack Trace: Error: something failed
    at file:///D:/Mosh-prectical/backend/vidly/index.js:9:7
    at ModuleJob.run (node:internal/modules/esm/module_job:234:25)
    at async ModuleLoader.import (node:internal/modules/esm/loader:473:24)
    at async asyncRunEntryPointWithESMLoader (node:internal/modules/run_main:123:5)
2024-12-04T06:53:20.280Z [error]: uncaughtException: something failed
Error: something failed
    at file:///D:/Mosh-prectical/backend/vidly/index.js:9:7
    at ModuleJob.run (node:internal/modules/esm/module_job:234:25)
    at async ModuleLoader.import (node:internal/modules/esm/loader:473:24)
    at async asyncRunEntryPointWithESMLoader (node:internal/modules/run_main:123:5)
Stack Trace: Error: something failed
    at file:///D:/Mosh-prectical/backend/vidly/index.js:9:7
    at ModuleJob.run (node:internal/modules/esm/module_job:234:25)
    at async ModuleLoader.import (node:internal/modules/esm/loader:473:24)
    at async asyncRunEntryPointWithESMLoader (node:internal/modules/run_main:123:5)
2024-12-04T06:54:28.964Z [error]: uncaughtException: something failed
Error: something failed
    at file:///D:/Mosh-prectical/backend/vidly/index.js:9:7
    at ModuleJob.run (node:internal/modules/esm/module_job:234:25)
    at async ModuleLoader.import (node:internal/modules/esm/loader:473:24)
    at async asyncRunEntryPointWithESMLoader (node:internal/modules/run_main:123:5)
Stack Trace: Error: something failed
    at file:///D:/Mosh-prectical/backend/vidly/index.js:9:7
    at ModuleJob.run (node:internal/modules/esm/module_job:234:25)
    at async ModuleLoader.import (node:internal/modules/esm/loader:473:24)
    at async asyncRunEntryPointWithESMLoader (node:internal/modules/run_main:123:5)
2024-12-04T06:55:29.158Z [error]: uncaughtException: something failed
Error: something failed
    at file:///D:/Mosh-prectical/backend/vidly/index.js:9:7
    at ModuleJob.run (node:internal/modules/esm/module_job:234:25)
    at async ModuleLoader.import (node:internal/modules/esm/loader:473:24)
    at async asyncRunEntryPointWithESMLoader (node:internal/modules/run_main:123:5)
Stack Trace: Error: something failed
    at file:///D:/Mosh-prectical/backend/vidly/index.js:9:7
    at ModuleJob.run (node:internal/modules/esm/module_job:234:25)
    at async ModuleLoader.import (node:internal/modules/esm/loader:473:24)
    at async asyncRunEntryPointWithESMLoader (node:internal/modules/run_main:123:5)
2024-12-04T07:24:52.274Z [error]: uncaughtException: something failed
Error: something failed
    at file:///D:/Mosh-prectical/backend/vidly/index.js:9:7
    at ModuleJob.run (node:internal/modules/esm/module_job:234:25)
    at async ModuleLoader.import (node:internal/modules/esm/loader:473:24)
    at async asyncRunEntryPointWithESMLoader (node:internal/modules/run_main:123:5)
Stack Trace: Error: something failed
    at file:///D:/Mosh-prectical/backend/vidly/index.js:9:7
    at ModuleJob.run (node:internal/modules/esm/module_job:234:25)
    at async ModuleLoader.import (node:internal/modules/esm/loader:473:24)
    at async asyncRunEntryPointWithESMLoader (node:internal/modules/run_main:123:5)
